16:44:22, tank, start
16:44:23, sumpcirc, left, off
16:44:23, sumpcirc, right, on
16:44:23, circ, 33.1, 65.4
16:44:23, diverter, on
16:44:23, tanklight, left, 750
16:44:23, tanklight, fan, on
16:44:23, tanklight, right, 600
16:45:23, tanklight, right, 750
16:45:28, circ, 31.6, 40.9
16:46:9, circ, 54.9, 22.2
16:46:31, circ, 30, 44.8
16:47:16, circ, 51.4, 16.6
16:47:33, circ, 33.8, 40.3
16:48:13, circ, 48.1, 19.6
16:48:33, circ, 31.6, 44.4
16:49:17, circ, 50.1, 18.3
16:49:36, circ, 36.4, 45.7
16:50:21, circ, 55.3, 23.5
16:50:45, circ, 32.6, 39.2
16:50:57, interval set
16:50:57, topoff, on
16:50:57, alarm, 1, input closed
16:50:57, timeout set
16:51:24, circ, 51.6, 23.3
16:51:47, circ, 36.1, 42.9
16:51:57, topoff, off
16:52:30, circ, 48.4, 23.5
16:52:54, circ, 30.6, 38
16:53:32, circ, 54.6, 21.5
16:53:53, circ, 34.3, 32.8
16:53:57, interval cleared
16:53:57, topoff, complete
16:53:57, timeout set
16:54:26, circ, 49.2, 16.4
16:54:42, circ, 31.6, 37.6
16:54:57, topoff, off
16:55:20, circ, 52.3, 16.7
16:55:37, circ, 33, 47.5
16:56:24, circ, 55, 18.9
16:56:43, circ, 33.8, 38.2
16:57:22, circ, 48.6, 22.3
16:57:44, circ, 30.4, 45.1
16:58:29, circ, 57.6, 18
16:58:47, circ, 34.7, 33
16:59:20, circ, 51.3, 17.2
16:59:37, circ, 36.2, 45.8
17:0:23, circ, 51.2, 23.4
17:0:46, circ, 30.5, 47.7
17:1:34, circ, 58, 22.1
17:1:56, circ, 35.2, 34.1
17:2:30, circ, 54.2, 22.1
17:2:53, circ, 30.6, 33
17:3:3, interval set
17:3:3, topoff, on
17:3:3, alarm, 1, input closed
17:3:3, timeout set
17:3:26, circ, 55.8, 21.4
17:3:47, circ, 34.7, 38.2
17:4:3, topoff, off
17:4:25, circ, 48.2, 22.5
17:4:48, circ, 30.2, 38.1
17:5:26, circ, 52.1, 19.7
17:5:45, circ, 33.7, 36.9
17:6:3, interval cleared
17:6:3, topoff, complete
17:6:3, timeout set
17:6:22, circ, 55.6, 20.5
17:6:43, circ, 34.9, 41
17:7:3, topoff, off
17:7:24, circ, 51.6, 21.6
17:7:46, circ, 31.9, 35.1
17:8:21, circ, 56.9, 23.9
17:8:45, circ, 36.1, 33.2
17:8:59, interval set
17:8:59, topoff, on
17:8:59, alarm, 1, input closed
17:8:59, timeout set
17:9:18, circ, 48.6, 20.7
17:9:39, circ, 35.1, 44.3
17:9:59, topoff, off
17:10:23, circ, 49.2, 19.4
17:10:42, circ, 32.4, 34.7
17:11:17, circ, 54.7, 16.7
17:11:34, circ, 30.8, 36.1
17:11:59, interval cleared
17:11:59, topoff, complete
17:11:59, timeout set
17:12:10, circ, 57.8, 23.9
17:12:34, circ, 36.2, 46.4
17:12:51, interval set
17:12:51, topoff, on
17:12:51, alarm, 1, input closed
17:12:51, timeout set
17:12:59, topoff, off
17:13:20, circ, 51.5, 19.1
17:13:39, circ, 31.2, 39.4
17:13:51, topoff, off
17:14:19, circ, 58.2, 20
17:14:39, circ, 33.7, 34.8
17:15:13, circ, 51.8, 23.5
17:15:37, circ, 34.9, 35.1
17:15:51, interval cleared
17:15:51, topoff, complete
17:15:51, timeout set
17:16:12, circ, 53.5, 18.9
17:16:31, circ, 34, 44.1
17:16:51, topoff, off
17:17:15, circ, 55.2, 16.2
17:17:31, circ, 34.8, 35.3
17:18:7, circ, 50.1, 18.8
17:18:25, circ, 30, 39
17:19:4, circ, 47.9, 23.8
17:19:28, circ, 34.1, 36.3
17:20:5, circ, 50.6, 22.4
17:20:27, circ, 33.1, 46
17:21:13, circ, 52.2, 19.5
17:21:32, circ, 34.4, 37.7
17:22:10, circ, 53.6, 16.2
17:22:26, circ, 32.7, 33.3
17:23:0, circ, 58.3, 16.7
17:23:17, circ, 30.3, 40.7
17:23:57, circ, 48.6, 22.5
17:24:20, circ, 34.8, 47.1
17:25:7, circ, 49.3, 21
17:25:28, circ, 36.3, 43.7
17:26:12, circ, 55.7, 16.6
17:26:28, circ, 35.3, 39.4
17:27:8, circ, 57.7, 21.1
17:27:29, circ, 35.6, 43.9
17:28:13, circ, 54.9, 20.3
17:28:33, circ, 35.9, 45
17:29:18, circ, 52.2, 17.7
17:29:36, circ, 33.9, 44.6
17:30:20, circ, 50.2, 19.3
17:30:23, tanklight, left, 600
17:30:40, circ, 36.2, 42.9
17:31:23, circ, 49.2, 17.7
17:31:40, circ, 35.9, 33.7
17:32:14, circ, 47.8, 18.1
17:32:32, circ, 32.8, 38.9
17:33:11, circ, 56.2, 19.7
17:33:31, circ, 32.8, 45.2
17:34:16, circ, 50.9, 18.8
17:34:35, circ, 30.7, 47
17:35:22, circ, 57.8, 16.1
17:35:38, circ, 30.9, 39
17:36:17, circ, 48.8, 20.4
17:36:37, circ, 33.4, 47.9
17:37:25, circ, 55.2, 23.5
17:37:49, circ, 36.1, 41
17:38:30, circ, 52, 19.1
17:38:49, circ, 30.2, 41.9
17:39:31, circ, 57.9, 20.2
17:39:51, circ, 34, 33.5
17:40:24, circ, 55.3, 21.2
17:40:46, circ, 34.1, 37.2
17:41:23, circ, 48.4, 22
17:41:45, circ, 31.8, 44.2
17:42:29, circ, 50.1, 19
17:42:48, circ, 35.8, 43.8
17:43:32, circ, 57.6, 23.7
17:43:56, circ, 33.3, 44.1
17:44:40, circ, 50, 23
17:45:3, circ, 35, 43.7
17:45:23, tanklight, right, 600
17:45:47, circ, 51.7, 18.7
17:46:5, circ, 35.4, 34.3
17:46:40, circ, 50.3, 21.9
17:47:2, circ, 33.9, 33.2
17:47:35, circ, 55.4, 23.7
17:47:59, circ, 35.7, 35.8
17:48:8, interval set
17:48:8, topoff, on
17:48:8, alarm, 1, input closed
17:48:8, timeout set
17:48:34, circ, 51.3, 18.1
17:48:53, circ, 36.2, 33.4
17:49:8, topoff, off
17:49:26, circ, 51.1, 18.7
17:49:45, circ, 34.2, 44.8
17:50:29, circ, 48, 23.4
17:50:53, circ, 34.1, 40.3
17:51:8, interval cleared
17:51:8, topoff, complete
17:51:8, timeout set
17:51:33, circ, 54.4, 20
17:51:53, circ, 36.4, 43.8
17:52:8, topoff, off
17:52:37, circ, 57.2, 20.1
17:52:57, circ, 34.8, 34.8
17:53:32, circ, 54.6, 19.7
17:53:52, circ, 32.2, 36.6
17:54:28, circ, 51.5, 18.2
17:54:47, circ, 34.4, 40.8
17:55:27, circ, 54.4, 19.5
17:55:47, circ, 36, 36.2
17:56:23, circ, 51.8, 20.9
17:56:44, circ, 34.4, 43.8
